2023-06-29 12:30:50,483 ERROR: Exception on /getanlagendata [GET] [in /usr/local/lib/python3.10/site-packages/flask/app.py:1414]
Traceback (most recent call last):
  File "/app/main.py", line 82, in send_request
    app.logging.info(f"Fetching data for: {bundesland}")
AttributeError: 'Flask' object has no attribute 'logging'

During handling of the above exception, another exception occurred:

Traceback (most recent call last):
  File "/usr/local/lib/python3.10/site-packages/flask/app.py", line 2190, in wsgi_app
    response = self.full_dispatch_request()
  File "/usr/local/lib/python3.10/site-packages/flask/app.py", line 1486, in full_dispatch_request
    rv = self.handle_user_exception(e)
  File "/usr/local/lib/python3.10/site-packages/flask/app.py", line 1484, in full_dispatch_request
    rv = self.dispatch_request()
  File "/usr/local/lib/python3.10/site-packages/flask/app.py", line 1469, in dispatch_request
    return self.ensure_sync(self.view_functions[rule.endpoint])(**view_args)
  File "/app/main.py", line 129, in getanlagendata
    getdata()
  File "/app/main.py", line 123, in getdata
    send_request(bundesland_values, url, headers)
  File "/app/main.py", line 98, in send_request
    app.logging.error(f"Error while fetching/saving data for {bundesland}: {e}")
AttributeError: 'Flask' object has no attribute 'logging'
2023-06-29 12:31:18,407 ERROR: Exception on /getanlagendata [GET] [in /usr/local/lib/python3.10/site-packages/flask/app.py:1414]
Traceback (most recent call last):
  File "/app/main.py", line 82, in send_request
    app.logging.info(f"Fetching data for: {bundesland}")
AttributeError: 'Flask' object has no attribute 'logging'

During handling of the above exception, another exception occurred:

Traceback (most recent call last):
  File "/usr/local/lib/python3.10/site-packages/flask/app.py", line 2190, in wsgi_app
    response = self.full_dispatch_request()
  File "/usr/local/lib/python3.10/site-packages/flask/app.py", line 1486, in full_dispatch_request
    rv = self.handle_user_exception(e)
  File "/usr/local/lib/python3.10/site-packages/flask/app.py", line 1484, in full_dispatch_request
    rv = self.dispatch_request()
  File "/usr/local/lib/python3.10/site-packages/flask/app.py", line 1469, in dispatch_request
    return self.ensure_sync(self.view_functions[rule.endpoint])(**view_args)
  File "/app/main.py", line 129, in getanlagendata
    getdata()
  File "/app/main.py", line 123, in getdata
    send_request(bundesland_values, url, headers)
  File "/app/main.py", line 98, in send_request
    app.logging.info(f"Error while fetching/saving data for {bundesland}: {e}")
AttributeError: 'Flask' object has no attribute 'logging'
2023-06-29 12:31:44,549 ERROR: Exception on /getanlagendata [GET] [in /usr/local/lib/python3.10/site-packages/flask/app.py:1414]
Traceback (most recent call last):
  File "/app/main.py", line 82, in send_request
    app.logging.info(f"Fetching data for: {bundesland}")
AttributeError: 'Flask' object has no attribute 'logging'

During handling of the above exception, another exception occurred:

Traceback (most recent call last):
  File "/usr/local/lib/python3.10/site-packages/flask/app.py", line 2190, in wsgi_app
    response = self.full_dispatch_request()
  File "/usr/local/lib/python3.10/site-packages/flask/app.py", line 1486, in full_dispatch_request
    rv = self.handle_user_exception(e)
  File "/usr/local/lib/python3.10/site-packages/flask/app.py", line 1484, in full_dispatch_request
    rv = self.dispatch_request()
  File "/usr/local/lib/python3.10/site-packages/flask/app.py", line 1469, in dispatch_request
    return self.ensure_sync(self.view_functions[rule.endpoint])(**view_args)
  File "/app/main.py", line 129, in getanlagendata
    getdata()
  File "/app/main.py", line 123, in getdata
    send_request(bundesland_values, url, headers)
  File "/app/main.py", line 98, in send_request
    app.logging.info(f"Error while fetching/saving data for {bundesland}: {e}")
AttributeError: 'Flask' object has no attribute 'logging'
2023-06-29 12:33:36,743 INFO: Fetching data for: W [in /app/main.py:82]
2023-06-29 12:33:51,816 INFO: Successfully fetched data for W [in /app/main.py:87]
2023-06-29 12:33:52,036 INFO: Successfully saved data to: ../app/data/source/W_source.json [in /app/main.py:74]
2023-06-29 12:33:52,038 INFO: ------------------------------------------ [in /app/main.py:95]
2023-06-29 12:33:52,039 INFO: Fetching data for: NO [in /app/main.py:82]
2023-06-29 12:35:25,691 INFO: Successfully fetched data for NO [in /app/main.py:87]
2023-06-29 12:35:28,575 INFO: Successfully saved data to: ../app/data/source/NO_source.json [in /app/main.py:74]
2023-06-29 12:35:28,603 INFO: ------------------------------------------ [in /app/main.py:95]
2023-06-29 12:35:28,605 INFO: Fetching data for: B [in /app/main.py:82]
2023-06-29 12:35:44,364 INFO: Successfully fetched data for B [in /app/main.py:87]
2023-06-29 12:35:44,900 INFO: Successfully saved data to: ../app/data/source/B_source.json [in /app/main.py:74]
2023-06-29 12:35:44,903 INFO: ------------------------------------------ [in /app/main.py:95]
2023-06-29 12:35:44,904 INFO: Fetching data for: S [in /app/main.py:82]
2023-06-29 12:35:59,560 INFO: Successfully fetched data for S [in /app/main.py:87]
2023-06-29 12:35:59,862 INFO: Successfully saved data to: ../app/data/source/S_source.json [in /app/main.py:74]
2023-06-29 12:35:59,864 INFO: ------------------------------------------ [in /app/main.py:95]
2023-06-29 12:35:59,865 INFO: Fetching data for: K [in /app/main.py:82]
2023-06-29 12:36:19,006 INFO: Successfully fetched data for K [in /app/main.py:87]
2023-06-29 12:36:19,728 INFO: Successfully saved data to: ../app/data/source/K_source.json [in /app/main.py:74]
2023-06-29 12:36:19,732 INFO: ------------------------------------------ [in /app/main.py:95]
2023-06-29 12:36:19,733 INFO: Fetching data for: ST [in /app/main.py:82]
2023-06-29 12:36:52,117 INFO: Successfully fetched data for ST [in /app/main.py:87]
2023-06-29 12:36:53,447 INFO: Successfully saved data to: ../app/data/source/ST_source.json [in /app/main.py:74]
2023-06-29 12:36:53,451 INFO: ------------------------------------------ [in /app/main.py:95]
2023-06-29 12:36:53,452 INFO: Fetching data for: OO [in /app/main.py:82]
2023-06-29 12:37:40,997 INFO: Successfully fetched data for OO [in /app/main.py:87]
2023-06-29 12:37:43,125 INFO: Successfully saved data to: ../app/data/source/OO_source.json [in /app/main.py:74]
2023-06-29 12:37:43,132 INFO: ------------------------------------------ [in /app/main.py:95]
2023-06-29 12:37:43,133 INFO: Fetching data for: T [in /app/main.py:82]
2023-06-29 12:37:54,336 INFO: Successfully fetched data for T [in /app/main.py:87]
2023-06-29 12:37:54,825 INFO: Successfully saved data to: ../app/data/source/T_source.json [in /app/main.py:74]
2023-06-29 12:37:54,827 INFO: ------------------------------------------ [in /app/main.py:95]
2023-06-29 12:37:54,828 INFO: Fetching data for: V [in /app/main.py:82]
2023-06-29 12:38:08,233 INFO: Successfully fetched data for V [in /app/main.py:87]
2023-06-29 12:38:08,786 INFO: Successfully saved data to: ../app/data/source/V_source.json [in /app/main.py:74]
2023-06-29 12:38:08,790 INFO: ------------------------------------------ [in /app/main.py:95]
2023-06-29 13:13:43,108 INFO: Fetching data for: W [in /app/main.py:82]
2023-06-29 13:13:47,855 INFO: Successfully fetched data for W [in /app/main.py:87]
2023-06-29 13:13:48,112 INFO: Successfully saved data to: ../app/data/source/W_source.json [in /app/main.py:74]
2023-06-29 13:13:48,114 INFO: ------------------------------------------ [in /app/main.py:95]
2023-06-29 13:13:48,115 INFO: Fetching data for: NO [in /app/main.py:82]
2023-06-29 13:14:58,157 INFO: Successfully fetched data for NO [in /app/main.py:87]
2023-06-29 13:15:00,991 INFO: Successfully saved data to: ../app/data/source/NO_source.json [in /app/main.py:74]
2023-06-29 13:15:01,004 INFO: ------------------------------------------ [in /app/main.py:95]
2023-06-29 13:15:01,005 INFO: Fetching data for: B [in /app/main.py:82]
2023-06-29 13:15:15,638 INFO: Successfully fetched data for B [in /app/main.py:87]
2023-06-29 13:15:16,145 INFO: Successfully saved data to: ../app/data/source/B_source.json [in /app/main.py:74]
2023-06-29 13:15:16,148 INFO: ------------------------------------------ [in /app/main.py:95]
2023-06-29 13:15:16,150 INFO: Fetching data for: S [in /app/main.py:82]
2023-06-29 13:15:23,231 INFO: Successfully fetched data for S [in /app/main.py:87]
2023-06-29 13:15:23,495 INFO: Successfully saved data to: ../app/data/source/S_source.json [in /app/main.py:74]
2023-06-29 13:15:23,497 INFO: ------------------------------------------ [in /app/main.py:95]
2023-06-29 13:15:23,498 INFO: Fetching data for: K [in /app/main.py:82]
2023-06-29 13:15:41,256 INFO: Successfully fetched data for K [in /app/main.py:87]
2023-06-29 13:15:41,890 INFO: Successfully saved data to: ../app/data/source/K_source.json [in /app/main.py:74]
2023-06-29 13:15:41,911 INFO: ------------------------------------------ [in /app/main.py:95]
2023-06-29 13:15:41,912 INFO: Fetching data for: ST [in /app/main.py:82]
2023-06-29 13:16:15,855 INFO: Successfully fetched data for ST [in /app/main.py:87]
2023-06-29 13:16:17,336 INFO: Successfully saved data to: ../app/data/source/ST_source.json [in /app/main.py:74]
2023-06-29 13:16:17,342 INFO: ------------------------------------------ [in /app/main.py:95]
2023-06-29 13:16:17,343 INFO: Fetching data for: OO [in /app/main.py:82]
2023-06-29 13:17:14,803 INFO: Successfully fetched data for OO [in /app/main.py:87]
2023-06-29 13:17:17,157 INFO: Successfully saved data to: ../app/data/source/OO_source.json [in /app/main.py:74]
2023-06-29 13:17:17,167 INFO: ------------------------------------------ [in /app/main.py:95]
2023-06-29 13:17:17,168 INFO: Fetching data for: T [in /app/main.py:82]
2023-06-29 13:17:30,777 INFO: Successfully fetched data for T [in /app/main.py:87]
2023-06-29 13:17:31,316 INFO: Successfully saved data to: ../app/data/source/T_source.json [in /app/main.py:74]
2023-06-29 13:17:31,318 INFO: ------------------------------------------ [in /app/main.py:95]
2023-06-29 13:17:31,319 INFO: Fetching data for: V [in /app/main.py:82]
2023-06-29 13:17:43,871 INFO: Successfully fetched data for V [in /app/main.py:87]
2023-06-29 13:17:44,466 INFO: Successfully saved data to: ../app/data/source/V_source.json [in /app/main.py:74]
2023-06-29 13:17:44,468 INFO: ------------------------------------------ [in /app/main.py:95]
2023-06-29 13:37:21,170 INFO: Fetching data for: W [in /app/main.py:83]
2023-06-29 13:37:25,381 INFO: Successfully fetched data for W [in /app/main.py:88]
2023-06-29 13:37:25,590 INFO: Successfully saved data to: ../app/data/source/W_source.json [in /app/main.py:75]
2023-06-29 13:37:25,592 INFO: ------------------------------------------ [in /app/main.py:96]
2023-06-29 13:37:25,593 INFO: Fetching data for: NO [in /app/main.py:83]
2023-06-29 13:38:35,335 INFO: Successfully fetched data for NO [in /app/main.py:88]
2023-06-29 13:38:37,978 INFO: Successfully saved data to: ../app/data/source/NO_source.json [in /app/main.py:75]
2023-06-29 13:38:37,989 INFO: ------------------------------------------ [in /app/main.py:96]
2023-06-29 13:38:37,991 INFO: Fetching data for: B [in /app/main.py:83]
2023-06-29 13:38:48,360 INFO: Successfully fetched data for B [in /app/main.py:88]
2023-06-29 13:38:48,785 INFO: Successfully saved data to: ../app/data/source/B_source.json [in /app/main.py:75]
2023-06-29 13:38:48,787 INFO: ------------------------------------------ [in /app/main.py:96]
2023-06-29 13:38:48,789 INFO: Fetching data for: S [in /app/main.py:83]
2023-06-29 13:38:53,639 INFO: Successfully fetched data for S [in /app/main.py:88]
2023-06-29 13:38:53,866 INFO: Successfully saved data to: ../app/data/source/S_source.json [in /app/main.py:75]
2023-06-29 13:38:53,869 INFO: ------------------------------------------ [in /app/main.py:96]
2023-06-29 13:38:53,870 INFO: Fetching data for: K [in /app/main.py:83]
2023-06-29 13:39:09,043 INFO: Successfully fetched data for K [in /app/main.py:88]
2023-06-29 13:39:09,703 INFO: Successfully saved data to: ../app/data/source/K_source.json [in /app/main.py:75]
2023-06-29 13:39:09,705 INFO: ------------------------------------------ [in /app/main.py:96]
2023-06-29 13:39:09,707 INFO: Fetching data for: ST [in /app/main.py:83]
2023-06-29 13:39:40,457 INFO: Successfully fetched data for ST [in /app/main.py:88]
2023-06-29 13:39:41,810 INFO: Successfully saved data to: ../app/data/source/ST_source.json [in /app/main.py:75]
2023-06-29 13:39:41,815 INFO: ------------------------------------------ [in /app/main.py:96]
2023-06-29 13:39:41,816 INFO: Fetching data for: OO [in /app/main.py:83]
2023-06-29 13:40:34,517 INFO: Successfully fetched data for OO [in /app/main.py:88]
2023-06-29 13:40:36,570 INFO: Successfully saved data to: ../app/data/source/OO_source.json [in /app/main.py:75]
2023-06-29 13:40:36,578 INFO: ------------------------------------------ [in /app/main.py:96]
2023-06-29 13:40:36,580 INFO: Fetching data for: T [in /app/main.py:83]
2023-06-29 13:40:49,009 INFO: Successfully fetched data for T [in /app/main.py:88]
2023-06-29 13:40:49,504 INFO: Successfully saved data to: ../app/data/source/T_source.json [in /app/main.py:75]
2023-06-29 13:40:49,507 INFO: ------------------------------------------ [in /app/main.py:96]
2023-06-29 13:40:49,510 INFO: Fetching data for: V [in /app/main.py:83]
2023-06-29 13:41:00,082 INFO: Successfully fetched data for V [in /app/main.py:88]
2023-06-29 13:41:00,536 INFO: Successfully saved data to: ../app/data/source/V_source.json [in /app/main.py:75]
2023-06-29 13:41:00,539 INFO: ------------------------------------------ [in /app/main.py:96]
2023-06-29 14:01:34,296 INFO: Fetching data for: W [in /app/main.py:85]
2023-06-29 14:01:34,299 INFO: Fetching data for: W [in /app/main.py:85]
2023-06-29 14:01:34,306 INFO: Fetching data for: W [in /app/main.py:85]
2023-06-29 14:01:34,303 INFO: Fetching data for: W [in /app/main.py:85]
2023-06-29 14:01:34,310 INFO: Fetching data for: W [in /app/main.py:85]
2023-06-29 14:01:34,316 INFO: Fetching data for: W [in /app/main.py:85]
2023-06-29 14:01:34,312 INFO: Fetching data for: W [in /app/main.py:85]
2023-06-29 14:01:34,326 INFO: Fetching data for: W [in /app/main.py:85]
2023-06-29 14:01:34,330 INFO: Fetching data for: W [in /app/main.py:85]
2023-06-29 14:01:42,362 INFO: Successfully fetched data for W [in /app/main.py:90]
2023-06-29 14:01:42,548 INFO: Successfully saved data to: ../app/data/source/W_source.json [in /app/main.py:77]
2023-06-29 14:01:42,550 INFO: ------------------------------------------ [in /app/main.py:98]
2023-06-29 14:01:42,551 INFO: Fetching data for: NO [in /app/main.py:85]
2023-06-29 14:01:42,952 INFO: Successfully fetched data for W [in /app/main.py:90]
2023-06-29 14:01:43,127 INFO: Successfully saved data to: ../app/data/source/W_source.json [in /app/main.py:77]
2023-06-29 14:01:43,129 INFO: ------------------------------------------ [in /app/main.py:98]
2023-06-29 14:01:43,129 INFO: Fetching data for: NO [in /app/main.py:85]
2023-06-29 14:01:43,814 INFO: Successfully fetched data for W [in /app/main.py:90]
2023-06-29 14:01:43,999 INFO: Successfully saved data to: ../app/data/source/W_source.json [in /app/main.py:77]
2023-06-29 14:01:44,000 INFO: ------------------------------------------ [in /app/main.py:98]
2023-06-29 14:01:44,001 INFO: Fetching data for: NO [in /app/main.py:85]
2023-06-29 14:01:44,855 INFO: Successfully fetched data for W [in /app/main.py:90]
2023-06-29 14:01:45,078 INFO: Successfully saved data to: ../app/data/source/W_source.json [in /app/main.py:77]
2023-06-29 14:01:45,079 INFO: ------------------------------------------ [in /app/main.py:98]
2023-06-29 14:01:45,080 INFO: Fetching data for: NO [in /app/main.py:85]
2023-06-29 14:01:46,084 INFO: Successfully fetched data for W [in /app/main.py:90]
2023-06-29 14:01:46,162 INFO: Successfully fetched data for W [in /app/main.py:90]
2023-06-29 14:01:46,314 INFO: Successfully saved data to: ../app/data/source/W_source.json [in /app/main.py:77]
2023-06-29 14:01:46,330 INFO: ------------------------------------------ [in /app/main.py:98]
2023-06-29 14:01:46,331 INFO: Fetching data for: NO [in /app/main.py:85]
2023-06-29 14:01:46,345 INFO: Successfully saved data to: ../app/data/source/W_source.json [in /app/main.py:77]
2023-06-29 14:01:46,347 INFO: ------------------------------------------ [in /app/main.py:98]
2023-06-29 14:01:46,348 INFO: Fetching data for: NO [in /app/main.py:85]
2023-06-29 14:01:46,865 INFO: Successfully fetched data for W [in /app/main.py:90]
2023-06-29 14:01:47,047 INFO: Successfully saved data to: ../app/data/source/W_source.json [in /app/main.py:77]
2023-06-29 14:01:47,050 INFO: ------------------------------------------ [in /app/main.py:98]
2023-06-29 14:01:47,051 INFO: Fetching data for: NO [in /app/main.py:85]
2023-06-29 14:01:47,076 INFO: Successfully fetched data for W [in /app/main.py:90]
2023-06-29 14:01:47,221 INFO: Successfully saved data to: ../app/data/source/W_source.json [in /app/main.py:77]
2023-06-29 14:01:47,222 INFO: ------------------------------------------ [in /app/main.py:98]
2023-06-29 14:01:47,223 INFO: Fetching data for: NO [in /app/main.py:85]
2023-06-29 14:01:47,817 INFO: Successfully fetched data for W [in /app/main.py:90]
2023-06-29 14:01:48,022 INFO: Successfully saved data to: ../app/data/source/W_source.json [in /app/main.py:77]
2023-06-29 14:01:48,023 INFO: ------------------------------------------ [in /app/main.py:98]
2023-06-29 14:01:48,024 INFO: Fetching data for: NO [in /app/main.py:85]
2023-06-29 14:02:46,020 INFO: Successfully fetched data for NO [in /app/main.py:90]
2023-06-29 14:02:49,666 INFO: Successfully saved data to: ../app/data/source/NO_source.json [in /app/main.py:77]
2023-06-29 14:02:49,699 INFO: ------------------------------------------ [in /app/main.py:98]
2023-06-29 14:02:49,702 INFO: Fetching data for: B [in /app/main.py:85]
2023-06-29 14:02:50,371 INFO: Successfully fetched data for NO [in /app/main.py:90]
2023-06-29 14:02:52,487 INFO: Successfully fetched data for NO [in /app/main.py:90]
2023-06-29 14:02:54,932 INFO: Successfully fetched data for NO [in /app/main.py:90]
2023-06-29 14:02:56,755 INFO: Successfully fetched data for NO [in /app/main.py:90]
2023-06-29 14:02:58,210 INFO: Successfully fetched data for B [in /app/main.py:90]
2023-06-29 14:02:59,937 INFO: Successfully saved data to: ../app/data/source/B_source.json [in /app/main.py:77]
2023-06-29 14:02:59,987 INFO: ------------------------------------------ [in /app/main.py:98]
2023-06-29 14:02:59,994 INFO: Fetching data for: S [in /app/main.py:85]
2023-06-29 14:03:02,366 INFO: Successfully saved data to: ../app/data/source/NO_source.json [in /app/main.py:77]
2023-06-29 14:03:02,392 INFO: Successfully fetched data for NO [in /app/main.py:90]
2023-06-29 14:03:02,563 INFO: ------------------------------------------ [in /app/main.py:98]
2023-06-29 14:03:02,919 INFO: Fetching data for: B [in /app/main.py:85]
2023-06-29 14:03:03,129 INFO: Successfully fetched data for NO [in /app/main.py:90]
2023-06-29 14:03:03,647 INFO: Successfully fetched data for NO [in /app/main.py:90]
2023-06-29 14:03:04,111 INFO: Successfully fetched data for NO [in /app/main.py:90]
2023-06-29 14:03:05,088 INFO: Successfully fetched data for S [in /app/main.py:90]
2023-06-29 14:03:06,105 INFO: Successfully saved data to: ../app/data/source/S_source.json [in /app/main.py:77]
2023-06-29 14:03:06,109 INFO: ------------------------------------------ [in /app/main.py:98]
2023-06-29 14:03:06,111 INFO: Fetching data for: K [in /app/main.py:85]
2023-06-29 14:03:11,313 INFO: Successfully saved data to: ../app/data/source/NO_source.json [in /app/main.py:77]
2023-06-29 14:03:11,471 INFO: ------------------------------------------ [in /app/main.py:98]
2023-06-29 14:03:11,474 INFO: Fetching data for: B [in /app/main.py:85]
2023-06-29 14:03:11,679 INFO: Successfully fetched data for B [in /app/main.py:90]
2023-06-29 14:03:12,713 INFO: Successfully saved data to: ../app/data/source/B_source.json [in /app/main.py:77]
2023-06-29 14:03:12,716 INFO: ------------------------------------------ [in /app/main.py:98]
2023-06-29 14:03:12,717 INFO: Fetching data for: S [in /app/main.py:85]
2023-06-29 14:03:15,556 INFO: Successfully saved data to: ../app/data/source/NO_source.json [in /app/main.py:77]
2023-06-29 14:03:15,701 INFO: ------------------------------------------ [in /app/main.py:98]
2023-06-29 14:03:15,704 INFO: Fetching data for: B [in /app/main.py:85]
2023-06-29 14:03:16,770 INFO: Successfully fetched data for S [in /app/main.py:90]
2023-06-29 14:03:17,352 INFO: Successfully saved data to: ../app/data/source/S_source.json [in /app/main.py:77]
2023-06-29 14:03:17,354 INFO: ------------------------------------------ [in /app/main.py:98]
2023-06-29 14:03:17,355 INFO: Fetching data for: K [in /app/main.py:85]
2023-06-29 14:03:17,363 INFO: Successfully saved data to: ../app/data/source/NO_source.json [in /app/main.py:77]
2023-06-29 14:03:17,442 INFO: ------------------------------------------ [in /app/main.py:98]
2023-06-29 14:03:17,443 INFO: Fetching data for: B [in /app/main.py:85]
2023-06-29 14:03:19,643 INFO: Successfully fetched data for K [in /app/main.py:90]
2023-06-29 14:03:20,294 INFO: Successfully fetched data for B [in /app/main.py:90]
2023-06-29 14:03:21,681 INFO: Successfully saved data to: ../app/data/source/B_source.json [in /app/main.py:77]
2023-06-29 14:03:21,689 INFO: ------------------------------------------ [in /app/main.py:98]
2023-06-29 14:03:21,692 INFO: Fetching data for: S [in /app/main.py:85]
2023-06-29 14:03:21,775 INFO: Successfully saved data to: ../app/data/source/NO_source.json [in /app/main.py:77]
2023-06-29 14:03:21,870 INFO: ------------------------------------------ [in /app/main.py:98]
2023-06-29 14:03:21,874 INFO: Fetching data for: B [in /app/main.py:85]
2023-06-29 14:03:22,013 INFO: Successfully saved data to: ../app/data/source/K_source.json [in /app/main.py:77]
2023-06-29 14:03:22,021 INFO: ------------------------------------------ [in /app/main.py:98]
2023-06-29 14:03:22,023 INFO: Fetching data for: ST [in /app/main.py:85]
2023-06-29 14:03:22,181 INFO: Successfully saved data to: ../app/data/source/NO_source.json [in /app/main.py:77]
2023-06-29 14:03:22,284 INFO: ------------------------------------------ [in /app/main.py:98]
2023-06-29 14:03:22,289 INFO: Fetching data for: B [in /app/main.py:85]
2023-06-29 14:03:22,462 INFO: Successfully saved data to: ../app/data/source/NO_source.json [in /app/main.py:77]
2023-06-29 14:03:22,559 INFO: ------------------------------------------ [in /app/main.py:98]
2023-06-29 14:03:22,562 INFO: Fetching data for: B [in /app/main.py:85]
2023-06-29 14:03:22,594 INFO: Successfully saved data to: ../app/data/source/NO_source.json [in /app/main.py:77]
2023-06-29 14:03:22,685 INFO: ------------------------------------------ [in /app/main.py:98]
2023-06-29 14:03:22,686 INFO: Fetching data for: B [in /app/main.py:85]
2023-06-29 14:03:24,034 INFO: Successfully fetched data for B [in /app/main.py:90]
2023-06-29 14:03:24,633 INFO: Successfully saved data to: ../app/data/source/B_source.json [in /app/main.py:77]
2023-06-29 14:03:24,637 INFO: ------------------------------------------ [in /app/main.py:98]
2023-06-29 14:03:24,638 INFO: Fetching data for: S [in /app/main.py:85]
2023-06-29 14:03:26,459 INFO: Successfully fetched data for S [in /app/main.py:90]
2023-06-29 14:03:26,619 INFO: Successfully fetched data for B [in /app/main.py:90]
2023-06-29 14:03:27,103 INFO: Successfully saved data to: ../app/data/source/S_source.json [in /app/main.py:77]
2023-06-29 14:03:27,110 INFO: ------------------------------------------ [in /app/main.py:98]
2023-06-29 14:03:27,110 INFO: Fetching data for: K [in /app/main.py:85]
2023-06-29 14:03:27,344 INFO: Successfully saved data to: ../app/data/source/B_source.json [in /app/main.py:77]
2023-06-29 14:03:27,347 INFO: ------------------------------------------ [in /app/main.py:98]
2023-06-29 14:03:27,350 INFO: Fetching data for: S [in /app/main.py:85]
2023-06-29 14:03:29,350 INFO: Successfully fetched data for S [in /app/main.py:90]
2023-06-29 14:03:29,673 INFO: Successfully saved data to: ../app/data/source/S_source.json [in /app/main.py:77]
2023-06-29 14:03:29,676 INFO: ------------------------------------------ [in /app/main.py:98]
2023-06-29 14:03:29,677 INFO: Fetching data for: K [in /app/main.py:85]
2023-06-29 14:03:30,771 INFO: Successfully fetched data for K [in /app/main.py:90]
2023-06-29 14:03:31,772 INFO: Successfully saved data to: ../app/data/source/K_source.json [in /app/main.py:77]
2023-06-29 14:03:31,782 INFO: ------------------------------------------ [in /app/main.py:98]
2023-06-29 14:03:31,786 INFO: Fetching data for: ST [in /app/main.py:85]
2023-06-29 14:03:32,711 INFO: Successfully fetched data for S [in /app/main.py:90]
2023-06-29 14:03:32,760 INFO: Successfully fetched data for B [in /app/main.py:90]
2023-06-29 14:03:33,363 INFO: Successfully fetched data for B [in /app/main.py:90]
2023-06-29 14:03:33,595 INFO: Successfully saved data to: ../app/data/source/S_source.json [in /app/main.py:77]
2023-06-29 14:03:33,599 INFO: ------------------------------------------ [in /app/main.py:98]
2023-06-29 14:03:33,604 INFO: Fetching data for: K [in /app/main.py:85]
2023-06-29 14:03:33,889 INFO: Successfully fetched data for B [in /app/main.py:90]
2023-06-29 14:03:34,083 INFO: Successfully fetched data for B [in /app/main.py:90]
2023-06-29 14:03:34,633 INFO: Successfully saved data to: ../app/data/source/B_source.json [in /app/main.py:77]
2023-06-29 14:03:34,652 INFO: ------------------------------------------ [in /app/main.py:98]
2023-06-29 14:03:34,653 INFO: Fetching data for: S [in /app/main.py:85]
2023-06-29 14:03:35,074 INFO: Successfully saved data to: ../app/data/source/B_source.json [in /app/main.py:77]
2023-06-29 14:03:35,081 INFO: ------------------------------------------ [in /app/main.py:98]
2023-06-29 14:03:35,082 INFO: Fetching data for: S [in /app/main.py:85]
2023-06-29 14:03:35,329 INFO: Successfully saved data to: ../app/data/source/B_source.json [in /app/main.py:77]
2023-06-29 14:03:35,332 INFO: ------------------------------------------ [in /app/main.py:98]
2023-06-29 14:03:35,333 INFO: Fetching data for: S [in /app/main.py:85]
2023-06-29 14:03:35,347 INFO: Successfully saved data to: ../app/data/source/B_source.json [in /app/main.py:77]
2023-06-29 14:03:35,349 INFO: ------------------------------------------ [in /app/main.py:98]
2023-06-29 14:03:35,349 INFO: Fetching data for: S [in /app/main.py:85]
2023-06-29 14:03:39,600 INFO: Successfully fetched data for S [in /app/main.py:90]
2023-06-29 14:03:39,968 INFO: Successfully saved data to: ../app/data/source/S_source.json [in /app/main.py:77]
2023-06-29 14:03:39,969 INFO: ------------------------------------------ [in /app/main.py:98]
2023-06-29 14:03:39,970 INFO: Fetching data for: K [in /app/main.py:85]
2023-06-29 14:03:40,567 INFO: Successfully fetched data for S [in /app/main.py:90]
2023-06-29 14:03:40,840 INFO: Successfully saved data to: ../app/data/source/S_source.json [in /app/main.py:77]
2023-06-29 14:03:40,843 INFO: ------------------------------------------ [in /app/main.py:98]
2023-06-29 14:03:40,844 INFO: Fetching data for: K [in /app/main.py:85]
2023-06-29 14:03:41,637 INFO: Successfully fetched data for K [in /app/main.py:90]
2023-06-29 14:03:41,834 INFO: Successfully fetched data for S [in /app/main.py:90]
2023-06-29 14:03:41,867 INFO: Successfully fetched data for S [in /app/main.py:90]
2023-06-29 14:03:42,389 INFO: Successfully saved data to: ../app/data/source/S_source.json [in /app/main.py:77]
2023-06-29 14:03:42,391 INFO: Successfully saved data to: ../app/data/source/S_source.json [in /app/main.py:77]
2023-06-29 14:03:42,392 INFO: ------------------------------------------ [in /app/main.py:98]
2023-06-29 14:03:42,394 INFO: ------------------------------------------ [in /app/main.py:98]
2023-06-29 14:03:42,395 INFO: Fetching data for: K [in /app/main.py:85]
2023-06-29 14:03:42,394 INFO: Fetching data for: K [in /app/main.py:85]
2023-06-29 14:03:42,740 INFO: Successfully saved data to: ../app/data/source/K_source.json [in /app/main.py:77]
2023-06-29 14:03:42,743 INFO: ------------------------------------------ [in /app/main.py:98]
2023-06-29 14:03:42,744 INFO: Fetching data for: ST [in /app/main.py:85]
2023-06-29 14:03:44,434 INFO: Successfully fetched data for K [in /app/main.py:90]
2023-06-29 14:03:45,164 INFO: Successfully saved data to: ../app/data/source/K_source.json [in /app/main.py:77]
2023-06-29 14:03:45,167 INFO: ------------------------------------------ [in /app/main.py:98]
2023-06-29 14:03:45,168 INFO: Fetching data for: ST [in /app/main.py:85]
2023-06-29 14:03:48,566 INFO: Successfully fetched data for K [in /app/main.py:90]
2023-06-29 14:03:49,363 INFO: Successfully saved data to: ../app/data/source/K_source.json [in /app/main.py:77]
2023-06-29 14:03:49,366 INFO: ------------------------------------------ [in /app/main.py:98]
2023-06-29 14:03:49,366 INFO: Fetching data for: ST [in /app/main.py:85]
2023-06-29 14:03:52,056 INFO: Successfully fetched data for ST [in /app/main.py:90]
2023-06-29 14:03:53,485 INFO: Successfully saved data to: ../app/data/source/ST_source.json [in /app/main.py:77]
2023-06-29 14:03:53,490 INFO: ------------------------------------------ [in /app/main.py:98]
2023-06-29 14:03:53,491 INFO: Fetching data for: OO [in /app/main.py:85]
2023-06-29 14:03:55,464 INFO: Successfully fetched data for K [in /app/main.py:90]
2023-06-29 14:03:56,447 INFO: Successfully saved data to: ../app/data/source/K_source.json [in /app/main.py:77]
2023-06-29 14:03:56,451 INFO: ------------------------------------------ [in /app/main.py:98]
2023-06-29 14:03:56,452 INFO: Fetching data for: ST [in /app/main.py:85]
2023-06-29 14:03:56,536 INFO: Successfully fetched data for K [in /app/main.py:90]
2023-06-29 14:03:57,342 INFO: Successfully saved data to: ../app/data/source/K_source.json [in /app/main.py:77]
2023-06-29 14:03:57,345 INFO: ------------------------------------------ [in /app/main.py:98]
2023-06-29 14:03:57,346 INFO: Fetching data for: ST [in /app/main.py:85]
2023-06-29 14:04:01,676 INFO: Successfully fetched data for K [in /app/main.py:90]
2023-06-29 14:04:02,420 INFO: Successfully saved data to: ../app/data/source/K_source.json [in /app/main.py:77]
2023-06-29 14:04:02,424 INFO: ------------------------------------------ [in /app/main.py:98]
2023-06-29 14:04:02,425 INFO: Fetching data for: ST [in /app/main.py:85]
2023-06-29 14:04:05,281 INFO: Successfully fetched data for K [in /app/main.py:90]
2023-06-29 14:04:06,029 INFO: Successfully saved data to: ../app/data/source/K_source.json [in /app/main.py:77]
2023-06-29 14:04:06,032 INFO: ------------------------------------------ [in /app/main.py:98]
2023-06-29 14:04:06,032 INFO: Fetching data for: ST [in /app/main.py:85]
2023-06-29 14:04:07,923 INFO: Successfully fetched data for ST [in /app/main.py:90]
2023-06-29 14:04:09,280 INFO: Successfully saved data to: ../app/data/source/ST_source.json [in /app/main.py:77]
2023-06-29 14:04:09,285 INFO: ------------------------------------------ [in /app/main.py:98]
2023-06-29 14:04:09,286 INFO: Fetching data for: OO [in /app/main.py:85]
2023-06-29 14:04:17,952 INFO: Successfully fetched data for ST [in /app/main.py:90]
2023-06-29 14:04:19,416 INFO: Successfully saved data to: ../app/data/source/ST_source.json [in /app/main.py:77]
2023-06-29 14:04:19,420 INFO: ------------------------------------------ [in /app/main.py:98]
2023-06-29 14:04:19,421 INFO: Fetching data for: OO [in /app/main.py:85]
2023-06-29 14:04:20,344 INFO: Successfully fetched data for ST [in /app/main.py:90]
2023-06-29 14:04:21,649 INFO: Successfully saved data to: ../app/data/source/ST_source.json [in /app/main.py:77]
2023-06-29 14:04:21,652 INFO: ------------------------------------------ [in /app/main.py:98]
2023-06-29 14:04:21,654 INFO: Fetching data for: OO [in /app/main.py:85]
2023-06-29 14:04:22,258 INFO: Successfully fetched data for ST [in /app/main.py:90]
2023-06-29 14:04:23,475 INFO: Successfully saved data to: ../app/data/source/ST_source.json [in /app/main.py:77]
2023-06-29 14:04:23,478 INFO: ------------------------------------------ [in /app/main.py:98]
2023-06-29 14:04:23,479 INFO: Fetching data for: OO [in /app/main.py:85]
2023-06-29 14:04:29,249 INFO: Successfully fetched data for ST [in /app/main.py:90]
2023-06-29 14:04:30,609 INFO: Successfully saved data to: ../app/data/source/ST_source.json [in /app/main.py:77]
2023-06-29 14:04:30,613 INFO: ------------------------------------------ [in /app/main.py:98]
2023-06-29 14:04:30,615 INFO: Fetching data for: OO [in /app/main.py:85]
2023-06-29 14:04:37,566 INFO: Successfully fetched data for ST [in /app/main.py:90]
2023-06-29 14:04:39,078 INFO: Successfully saved data to: ../app/data/source/ST_source.json [in /app/main.py:77]
2023-06-29 14:04:39,083 INFO: ------------------------------------------ [in /app/main.py:98]
2023-06-29 14:04:39,083 INFO: Fetching data for: OO [in /app/main.py:85]
2023-06-29 14:04:39,566 INFO: Successfully fetched data for ST [in /app/main.py:90]
2023-06-29 14:04:40,954 INFO: Successfully saved data to: ../app/data/source/ST_source.json [in /app/main.py:77]
2023-06-29 14:04:40,958 INFO: ------------------------------------------ [in /app/main.py:98]
2023-06-29 14:04:40,959 INFO: Fetching data for: OO [in /app/main.py:85]
2023-06-29 14:04:44,863 INFO: Successfully fetched data for ST [in /app/main.py:90]
2023-06-29 14:04:46,213 INFO: Successfully saved data to: ../app/data/source/ST_source.json [in /app/main.py:77]
2023-06-29 14:04:46,217 INFO: ------------------------------------------ [in /app/main.py:98]
2023-06-29 14:04:46,217 INFO: Fetching data for: OO [in /app/main.py:85]
2023-06-29 14:04:52,659 INFO: Successfully fetched data for OO [in /app/main.py:90]
2023-06-29 14:04:55,270 INFO: Successfully saved data to: ../app/data/source/OO_source.json [in /app/main.py:77]
2023-06-29 14:04:55,278 INFO: ------------------------------------------ [in /app/main.py:98]
2023-06-29 14:04:55,279 INFO: Fetching data for: T [in /app/main.py:85]
2023-06-29 14:05:04,086 INFO: Successfully fetched data for OO [in /app/main.py:90]
2023-06-29 14:05:06,587 INFO: Successfully saved data to: ../app/data/source/OO_source.json [in /app/main.py:77]
2023-06-29 14:05:06,595 INFO: ------------------------------------------ [in /app/main.py:98]
2023-06-29 14:05:06,596 INFO: Fetching data for: T [in /app/main.py:85]
2023-06-29 14:05:13,535 INFO: Successfully fetched data for T [in /app/main.py:90]
2023-06-29 14:05:14,284 INFO: Successfully saved data to: ../app/data/source/T_source.json [in /app/main.py:77]
2023-06-29 14:05:14,287 INFO: ------------------------------------------ [in /app/main.py:98]
2023-06-29 14:05:14,288 INFO: Fetching data for: V [in /app/main.py:85]
2023-06-29 14:05:23,989 INFO: Successfully fetched data for OO [in /app/main.py:90]
2023-06-29 14:05:25,904 INFO: Successfully fetched data for T [in /app/main.py:90]
2023-06-29 14:05:26,784 INFO: Successfully saved data to: ../app/data/source/T_source.json [in /app/main.py:77]
2023-06-29 14:05:26,786 INFO: ------------------------------------------ [in /app/main.py:98]
2023-06-29 14:05:26,791 INFO: Fetching data for: V [in /app/main.py:85]
2023-06-29 14:05:27,399 INFO: Successfully saved data to: ../app/data/source/OO_source.json [in /app/main.py:77]
2023-06-29 14:05:27,415 INFO: ------------------------------------------ [in /app/main.py:98]
2023-06-29 14:05:27,416 INFO: Fetching data for: T [in /app/main.py:85]
2023-06-29 14:05:29,285 INFO: Successfully fetched data for OO [in /app/main.py:90]
2023-06-29 14:05:29,880 INFO: Successfully fetched data for OO [in /app/main.py:90]
2023-06-29 14:05:33,187 INFO: Successfully fetched data for OO [in /app/main.py:90]
2023-06-29 14:05:33,608 INFO: Successfully fetched data for V [in /app/main.py:90]
2023-06-29 14:05:34,385 INFO: Successfully saved data to: ../app/data/source/V_source.json [in /app/main.py:77]
2023-06-29 14:05:34,391 INFO: ------------------------------------------ [in /app/main.py:98]
2023-06-29 14:05:34,528 INFO: Successfully saved data to: ../app/data/source/OO_source.json [in /app/main.py:77]
2023-06-29 14:05:34,562 INFO: ------------------------------------------ [in /app/main.py:98]
2023-06-29 14:05:34,563 INFO: Fetching data for: T [in /app/main.py:85]
2023-06-29 14:05:34,852 INFO: Successfully saved data to: ../app/data/source/OO_source.json [in /app/main.py:77]
2023-06-29 14:05:34,913 INFO: ------------------------------------------ [in /app/main.py:98]
2023-06-29 14:05:34,915 INFO: Fetching data for: T [in /app/main.py:85]
2023-06-29 14:05:36,461 INFO: Successfully saved data to: ../app/data/source/OO_source.json [in /app/main.py:77]
2023-06-29 14:05:36,475 INFO: ------------------------------------------ [in /app/main.py:98]
2023-06-29 14:05:36,476 INFO: Fetching data for: T [in /app/main.py:85]
2023-06-29 14:05:43,704 INFO: Successfully fetched data for V [in /app/main.py:90]
2023-06-29 14:05:44,296 INFO: Successfully saved data to: ../app/data/source/V_source.json [in /app/main.py:77]
2023-06-29 14:05:44,298 INFO: ------------------------------------------ [in /app/main.py:98]
2023-06-29 14:05:47,788 INFO: Successfully fetched data for T [in /app/main.py:90]
2023-06-29 14:05:48,470 INFO: Successfully saved data to: ../app/data/source/T_source.json [in /app/main.py:77]
2023-06-29 14:05:48,480 INFO: ------------------------------------------ [in /app/main.py:98]
2023-06-29 14:05:48,481 INFO: Fetching data for: V [in /app/main.py:85]
2023-06-29 14:05:55,124 INFO: Successfully fetched data for T [in /app/main.py:90]
2023-06-29 14:05:55,635 INFO: Successfully fetched data for T [in /app/main.py:90]
2023-06-29 14:05:56,204 INFO: Successfully saved data to: ../app/data/source/T_source.json [in /app/main.py:77]
2023-06-29 14:05:56,208 INFO: ------------------------------------------ [in /app/main.py:98]
2023-06-29 14:05:56,210 INFO: Fetching data for: V [in /app/main.py:85]
2023-06-29 14:05:56,311 INFO: Successfully fetched data for OO [in /app/main.py:90]
2023-06-29 14:05:56,932 INFO: Successfully saved data to: ../app/data/source/T_source.json [in /app/main.py:77]
2023-06-29 14:05:56,935 INFO: ------------------------------------------ [in /app/main.py:98]
2023-06-29 14:05:56,936 INFO: Fetching data for: V [in /app/main.py:85]
2023-06-29 14:05:57,885 INFO: Successfully fetched data for T [in /app/main.py:90]
2023-06-29 14:05:58,729 INFO: Successfully saved data to: ../app/data/source/T_source.json [in /app/main.py:77]
2023-06-29 14:05:58,732 INFO: ------------------------------------------ [in /app/main.py:98]
2023-06-29 14:05:58,734 INFO: Fetching data for: V [in /app/main.py:85]
2023-06-29 14:05:59,183 INFO: Successfully saved data to: ../app/data/source/OO_source.json [in /app/main.py:77]
2023-06-29 14:05:59,196 INFO: ------------------------------------------ [in /app/main.py:98]
2023-06-29 14:05:59,198 INFO: Fetching data for: T [in /app/main.py:85]
2023-06-29 14:06:00,343 INFO: Successfully fetched data for OO [in /app/main.py:90]
2023-06-29 14:06:02,897 INFO: Successfully saved data to: ../app/data/source/OO_source.json [in /app/main.py:77]
2023-06-29 14:06:02,923 INFO: ------------------------------------------ [in /app/main.py:98]
2023-06-29 14:06:02,924 INFO: Fetching data for: T [in /app/main.py:85]
2023-06-29 14:06:03,411 INFO: Successfully fetched data for OO [in /app/main.py:90]
2023-06-29 14:06:06,099 INFO: Successfully saved data to: ../app/data/source/OO_source.json [in /app/main.py:77]
2023-06-29 14:06:06,154 INFO: ------------------------------------------ [in /app/main.py:98]
2023-06-29 14:06:06,156 INFO: Fetching data for: T [in /app/main.py:85]
2023-06-29 14:06:06,188 INFO: Successfully fetched data for V [in /app/main.py:90]
2023-06-29 14:06:06,692 INFO: Successfully saved data to: ../app/data/source/V_source.json [in /app/main.py:77]
2023-06-29 14:06:06,694 INFO: ------------------------------------------ [in /app/main.py:98]
2023-06-29 14:06:33,016 INFO: Fetching data for: W [in /app/main.py:84]
2023-06-29 14:06:33,017 INFO: Fetching data for: NO [in /app/main.py:84]
2023-06-29 14:06:33,019 INFO: Fetching data for: B [in /app/main.py:84]
2023-06-29 14:06:33,019 INFO: Fetching data for: S [in /app/main.py:84]
2023-06-29 14:06:33,019 INFO: Fetching data for: K [in /app/main.py:84]
2023-06-29 14:06:33,020 INFO: Fetching data for: ST [in /app/main.py:84]
2023-06-29 14:06:33,023 INFO: Fetching data for: OO [in /app/main.py:84]
2023-06-29 14:06:33,024 INFO: Fetching data for: T [in /app/main.py:84]
2023-06-29 14:06:33,035 INFO: Fetching data for: V [in /app/main.py:84]
2023-06-29 14:06:39,385 INFO: Successfully fetched data for W [in /app/main.py:89]
2023-06-29 14:06:39,594 INFO: Successfully saved data to: ../app/data/source/W_source.json [in /app/main.py:77]
2023-06-29 14:06:39,596 INFO: ------------------------------------------ [in /app/main.py:97]
2023-06-29 14:06:40,607 INFO: Successfully fetched data for S [in /app/main.py:89]
2023-06-29 14:06:40,822 INFO: Successfully saved data to: ../app/data/source/S_source.json [in /app/main.py:77]
2023-06-29 14:06:40,824 INFO: ------------------------------------------ [in /app/main.py:97]
2023-06-29 14:06:47,849 INFO: Successfully fetched data for B [in /app/main.py:89]
2023-06-29 14:06:48,268 INFO: Successfully saved data to: ../app/data/source/B_source.json [in /app/main.py:77]
2023-06-29 14:06:48,271 INFO: ------------------------------------------ [in /app/main.py:97]
2023-06-29 14:06:50,817 INFO: Successfully fetched data for V [in /app/main.py:89]
2023-06-29 14:06:51,380 INFO: Successfully saved data to: ../app/data/source/V_source.json [in /app/main.py:77]
2023-06-29 14:06:51,383 INFO: ------------------------------------------ [in /app/main.py:97]
2023-06-29 14:06:54,070 INFO: Successfully fetched data for T [in /app/main.py:89]
2023-06-29 14:06:54,599 INFO: Successfully saved data to: ../app/data/source/T_source.json [in /app/main.py:77]
2023-06-29 14:06:54,602 INFO: ------------------------------------------ [in /app/main.py:97]
2023-06-29 14:06:55,743 INFO: Successfully fetched data for K [in /app/main.py:89]
2023-06-29 14:06:56,697 INFO: Successfully saved data to: ../app/data/source/K_source.json [in /app/main.py:77]
2023-06-29 14:06:56,704 INFO: ------------------------------------------ [in /app/main.py:97]
2023-06-29 14:07:13,716 INFO: Successfully fetched data for ST [in /app/main.py:89]
2023-06-29 14:07:14,871 INFO: Successfully saved data to: ../app/data/source/ST_source.json [in /app/main.py:77]
2023-06-29 14:07:14,877 INFO: ------------------------------------------ [in /app/main.py:97]
2023-06-29 14:07:36,363 INFO: Successfully fetched data for OO [in /app/main.py:89]
2023-06-29 14:07:38,480 INFO: Successfully saved data to: ../app/data/source/OO_source.json [in /app/main.py:77]
2023-06-29 14:07:38,488 INFO: ------------------------------------------ [in /app/main.py:97]
2023-06-29 14:07:53,876 INFO: Successfully fetched data for NO [in /app/main.py:89]
2023-06-29 14:07:56,448 INFO: Successfully saved data to: ../app/data/source/NO_source.json [in /app/main.py:77]
2023-06-29 14:07:56,457 INFO: ------------------------------------------ [in /app/main.py:97]
2023-06-29 14:08:51,803 INFO: Fetching data for: W [in /app/main.py:84]
2023-06-29 14:08:51,804 INFO: Fetching data for: NO [in /app/main.py:84]
2023-06-29 14:08:51,805 INFO: Fetching data for: B [in /app/main.py:84]
2023-06-29 14:08:51,806 INFO: Fetching data for: S [in /app/main.py:84]
2023-06-29 14:08:51,807 INFO: Fetching data for: K [in /app/main.py:84]
2023-06-29 14:08:51,807 INFO: Fetching data for: ST [in /app/main.py:84]
2023-06-29 14:08:51,807 INFO: Fetching data for: OO [in /app/main.py:84]
2023-06-29 14:08:51,808 INFO: Fetching data for: T [in /app/main.py:84]
2023-06-29 14:08:51,809 INFO: Fetching data for: V [in /app/main.py:84]
2023-06-29 14:08:57,195 INFO: Successfully fetched data for W [in /app/main.py:89]
2023-06-29 14:08:57,602 INFO: Successfully saved data to: ../app/data/source/W_source.json [in /app/main.py:77]
2023-06-29 14:08:57,604 INFO: ------------------------------------------ [in /app/main.py:97]
2023-06-29 14:08:57,919 INFO: Successfully fetched data for S [in /app/main.py:89]
2023-06-29 14:08:58,186 INFO: Successfully saved data to: ../app/data/source/S_source.json [in /app/main.py:77]
2023-06-29 14:08:58,189 INFO: ------------------------------------------ [in /app/main.py:97]
2023-06-29 14:09:04,457 INFO: Successfully fetched data for B [in /app/main.py:89]
2023-06-29 14:09:04,779 INFO: Successfully fetched data for V [in /app/main.py:89]
2023-06-29 14:09:04,980 INFO: Successfully saved data to: ../app/data/source/B_source.json [in /app/main.py:77]
2023-06-29 14:09:04,983 INFO: ------------------------------------------ [in /app/main.py:97]
2023-06-29 14:09:05,217 INFO: Successfully saved data to: ../app/data/source/V_source.json [in /app/main.py:77]
2023-06-29 14:09:05,219 INFO: ------------------------------------------ [in /app/main.py:97]
2023-06-29 14:09:05,292 INFO: Successfully fetched data for T [in /app/main.py:89]
2023-06-29 14:09:05,715 INFO: Successfully saved data to: ../app/data/source/T_source.json [in /app/main.py:77]
2023-06-29 14:09:05,717 INFO: ------------------------------------------ [in /app/main.py:97]
2023-06-29 14:09:09,642 INFO: Successfully fetched data for K [in /app/main.py:89]
2023-06-29 14:09:10,268 INFO: Successfully saved data to: ../app/data/source/K_source.json [in /app/main.py:77]
2023-06-29 14:09:10,272 INFO: ------------------------------------------ [in /app/main.py:97]
2023-06-29 14:09:25,750 INFO: Successfully fetched data for ST [in /app/main.py:89]
2023-06-29 14:09:26,907 INFO: Successfully saved data to: ../app/data/source/ST_source.json [in /app/main.py:77]
2023-06-29 14:09:26,912 INFO: ------------------------------------------ [in /app/main.py:97]
2023-06-29 14:09:46,539 INFO: Successfully fetched data for OO [in /app/main.py:89]
2023-06-29 14:09:48,655 INFO: Successfully saved data to: ../app/data/source/OO_source.json [in /app/main.py:77]
2023-06-29 14:09:48,671 INFO: ------------------------------------------ [in /app/main.py:97]
2023-06-29 14:10:07,861 INFO: Successfully fetched data for NO [in /app/main.py:89]
2023-06-29 14:10:10,499 INFO: Successfully saved data to: ../app/data/source/NO_source.json [in /app/main.py:77]
2023-06-29 14:10:10,508 INFO: ------------------------------------------ [in /app/main.py:97]
